2022-07-15 17:53:45,448 ERROR 13056 [-/127.0.0.1/-/3ms GET /] nodejs.TypeError: this.config.keys.split is not a function
    at Application.get keys [as keys] (D:\学习\wanye\HTML\Egg\代码\1-egg-example\node_modules\egg\lib\application.js:269:37)
    at Object.get cookies [as cookies] (D:\学习\wanye\HTML\Egg\代码\1-egg-example\node_modules\egg\app\extend\context.js:23:66)
    at Object.get [egg-security#CSRF_SECRET] (D:\学习\wanye\HTML\Egg\代码\1-egg-example\node_modules\egg-security\app\extend\context.js:91:35)
    at Object.ensureCsrfSecret (D:\学习\wanye\HTML\Egg\代码\1-egg-example\node_modules\egg-security\app\extend\context.js:104:13)
    at csrf (D:\学习\wanye\HTML\Egg\代码\1-egg-example\node_modules\egg-security\lib\middlewares\csrf.js:15:11)
    at dispatch (D:\学习\wanye\HTML\Egg\代码\1-egg-example\node_modules\egg-security\node_modules\koa-compose\index.js:42:32)
    at D:\学习\wanye\HTML\Egg\代码\1-egg-example\node_modules\egg-security\node_modules\koa-compose\index.js:34:12
    at dispatch (D:\学习\wanye\HTML\Egg\代码\1-egg-example\node_modules\koa\node_modules\koa-compose\index.js:42:32)
    at session (D:\学习\wanye\HTML\Egg\代码\1-egg-example\node_modules\koa-session\index.js:41:13)
    at dispatch (D:\学习\wanye\HTML\Egg\代码\1-egg-example\node_modules\koa\node_modules\koa-compose\index.js:42:32)

pid: 13056
hostname: LAPTOP-DOKT2HPM

2022-07-15 18:08:02,061 ERROR 12404 nodejs.EPERMError: EPERM: operation not permitted, watch
    at FSEvent.FSWatcher._handle.onchange (node:internal/fs/watchers:204:21)
errno: -4048
syscall: "watch"
code: "EPERM"
filename: null
dir: "D:\\学习\\wanye\\HTML\\Egg\\代码\\1-egg-example\\app\\view\\news\\list.tpl"
name: "EPERMError"
pid: 12404
hostname: LAPTOP-DOKT2HPM

2022-07-15 20:37:29,466 ERROR 12404 nodejs.ClusterClientNoResponseError: client no response in 4071096ms exceeding maxIdleTime 60000ms, maybe the connection is close on other side.
    at Timeout._onTimeout (D:\学习\wanye\HTML\Egg\代码\1-egg-example\node_modules\cluster-client\lib\leader.js:77:23)
    at listOnTimeout (node:internal/timers:557:17)
    at processTimers (node:internal/timers:500:7)
name: "ClusterClientNoResponseError"
pid: 12404
hostname: LAPTOP-DOKT2HPM

2022-07-15 20:40:56,894 ERROR 12404 nodejs.ClusterClientNoResponseError: client no response in 207366ms exceeding maxIdleTime 60000ms, maybe the connection is close on other side.
    at Timeout._onTimeout (D:\学习\wanye\HTML\Egg\代码\1-egg-example\node_modules\cluster-client\lib\leader.js:77:23)
    at listOnTimeout (node:internal/timers:557:17)
    at processTimers (node:internal/timers:500:7)
name: "ClusterClientNoResponseError"
pid: 12404
hostname: LAPTOP-DOKT2HPM

2022-07-15 20:52:35,529 ERROR 12404 nodejs.ClusterClientNoResponseError: client no response in 698588ms exceeding maxIdleTime 60000ms, maybe the connection is close on other side.
    at Timeout._onTimeout (D:\学习\wanye\HTML\Egg\代码\1-egg-example\node_modules\cluster-client\lib\leader.js:77:23)
    at listOnTimeout (node:internal/timers:557:17)
    at processTimers (node:internal/timers:500:7)
name: "ClusterClientNoResponseError"
pid: 12404
hostname: LAPTOP-DOKT2HPM

