2022-07-15 17:53:29,572 INFO 13056 [egg:logger] init all loggers with options: {"dir":"D:\\学习\\wanye\\HTML\\Egg\\代码\\1-egg-example\\logs\\1-egg-example","encoding":"utf8","env":"local","level":"INFO","consoleLevel":"INFO","disableConsoleAfterReady":false,"outputJSON":false,"buffer":true,"appLogName":"1-egg-example-web.log","coreLogName":"egg-web.log","agentLogName":"egg-agent.log","errorLogName":"common-error.log","coreLogger":{"consoleLevel":"WARN"},"allowDebugAtProd":false,"enablePerformanceTimer":false,"type":"application"}
2022-07-15 17:53:29,591 INFO 13056 [egg-multipart] stream mode enable
2022-07-15 17:53:29,661 INFO 13056 [egg-static] starting static serve /public/ -> D:\学习\wanye\HTML\Egg\代码\1-egg-example\app\public
2022-07-15 17:53:29,663 INFO 13056 [egg-security] use csrf middleware
2022-07-15 17:53:29,664 INFO 13056 [egg-security] use methodnoallow middleware
2022-07-15 17:53:29,664 INFO 13056 [egg-security] use noopen middleware
2022-07-15 17:53:29,665 INFO 13056 [egg-security] use nosniff middleware
2022-07-15 17:53:29,665 INFO 13056 [egg-security] use xssProtection middleware
2022-07-15 17:53:29,666 INFO 13056 [egg-security] use xframe middleware
2022-07-15 17:53:29,666 INFO 13056 [egg-security] use dta middleware
2022-07-15 17:53:29,666 INFO 13056 [egg-security] compose 7 middlewares into one security middleware
2022-07-15 17:53:29,673 INFO 13056 [egg:core] dump config after load, 4ms
2022-07-15 17:53:29,685 INFO 13056 [egg-watcher:application] watcher start success
2022-07-15 17:53:29,691 INFO 13056 [egg:core] dump config after ready, 4ms
2022-07-15 17:53:56,623 INFO 17176 [egg:logger] init all loggers with options: {"dir":"D:\\学习\\wanye\\HTML\\Egg\\代码\\1-egg-example\\logs\\1-egg-example","encoding":"utf8","env":"local","level":"INFO","consoleLevel":"INFO","disableConsoleAfterReady":false,"outputJSON":false,"buffer":true,"appLogName":"1-egg-example-web.log","coreLogName":"egg-web.log","agentLogName":"egg-agent.log","errorLogName":"common-error.log","coreLogger":{"consoleLevel":"WARN"},"allowDebugAtProd":false,"enablePerformanceTimer":false,"type":"application"}
2022-07-15 17:53:56,642 INFO 17176 [egg-multipart] stream mode enable
2022-07-15 17:53:56,710 INFO 17176 [egg-static] starting static serve /public/ -> D:\学习\wanye\HTML\Egg\代码\1-egg-example\app\public
2022-07-15 17:53:56,712 INFO 17176 [egg-security] use csrf middleware
2022-07-15 17:53:56,713 INFO 17176 [egg-security] use methodnoallow middleware
2022-07-15 17:53:56,713 INFO 17176 [egg-security] use noopen middleware
2022-07-15 17:53:56,714 INFO 17176 [egg-security] use nosniff middleware
2022-07-15 17:53:56,714 INFO 17176 [egg-security] use xssProtection middleware
2022-07-15 17:53:56,715 INFO 17176 [egg-security] use xframe middleware
2022-07-15 17:53:56,715 INFO 17176 [egg-security] use dta middleware
2022-07-15 17:53:56,715 INFO 17176 [egg-security] compose 7 middlewares into one security middleware
2022-07-15 17:53:56,721 INFO 17176 [egg:core] dump config after load, 3ms
2022-07-15 17:53:56,729 INFO 17176 [egg-watcher:application] watcher start success
2022-07-15 17:53:56,735 INFO 17176 [egg:core] dump config after ready, 4ms
2022-07-15 18:04:03,295 INFO 11544 [egg:logger] init all loggers with options: {"dir":"D:\\学习\\wanye\\HTML\\Egg\\代码\\1-egg-example\\logs\\1-egg-example","encoding":"utf8","env":"local","level":"INFO","consoleLevel":"INFO","disableConsoleAfterReady":false,"outputJSON":false,"buffer":true,"appLogName":"1-egg-example-web.log","coreLogName":"egg-web.log","agentLogName":"egg-agent.log","errorLogName":"common-error.log","coreLogger":{"consoleLevel":"WARN"},"allowDebugAtProd":false,"enablePerformanceTimer":false,"type":"application"}
2022-07-15 18:04:03,314 INFO 11544 [egg-multipart] stream mode enable
2022-07-15 18:04:03,386 INFO 11544 [egg-static] starting static serve /public/ -> D:\学习\wanye\HTML\Egg\代码\1-egg-example\app\public
2022-07-15 18:04:03,389 INFO 11544 [egg-security] use csrf middleware
2022-07-15 18:04:03,390 INFO 11544 [egg-security] use methodnoallow middleware
2022-07-15 18:04:03,391 INFO 11544 [egg-security] use noopen middleware
2022-07-15 18:04:03,391 INFO 11544 [egg-security] use nosniff middleware
2022-07-15 18:04:03,391 INFO 11544 [egg-security] use xssProtection middleware
2022-07-15 18:04:03,392 INFO 11544 [egg-security] use xframe middleware
2022-07-15 18:04:03,392 INFO 11544 [egg-security] use dta middleware
2022-07-15 18:04:03,392 INFO 11544 [egg-security] compose 7 middlewares into one security middleware
2022-07-15 18:04:03,398 INFO 11544 [egg:core] dump config after load, 3ms
2022-07-15 18:04:03,408 INFO 11544 [egg-watcher:application] watcher start success
2022-07-15 18:04:03,414 INFO 11544 [egg:core] dump config after ready, 4ms
2022-07-15 18:04:09,787 INFO 17920 [egg:logger] init all loggers with options: {"dir":"D:\\学习\\wanye\\HTML\\Egg\\代码\\1-egg-example\\logs\\1-egg-example","encoding":"utf8","env":"local","level":"INFO","consoleLevel":"INFO","disableConsoleAfterReady":false,"outputJSON":false,"buffer":true,"appLogName":"1-egg-example-web.log","coreLogName":"egg-web.log","agentLogName":"egg-agent.log","errorLogName":"common-error.log","coreLogger":{"consoleLevel":"WARN"},"allowDebugAtProd":false,"enablePerformanceTimer":false,"type":"application"}
2022-07-15 18:04:09,813 INFO 17920 [egg-multipart] stream mode enable
2022-07-15 18:04:09,899 INFO 17920 [egg-static] starting static serve /public/ -> D:\学习\wanye\HTML\Egg\代码\1-egg-example\app\public
2022-07-15 18:04:09,901 INFO 17920 [egg-security] use csrf middleware
2022-07-15 18:04:09,901 INFO 17920 [egg-security] use methodnoallow middleware
2022-07-15 18:04:09,902 INFO 17920 [egg-security] use noopen middleware
2022-07-15 18:04:09,902 INFO 17920 [egg-security] use nosniff middleware
2022-07-15 18:04:09,903 INFO 17920 [egg-security] use xssProtection middleware
2022-07-15 18:04:09,903 INFO 17920 [egg-security] use xframe middleware
2022-07-15 18:04:09,903 INFO 17920 [egg-security] use dta middleware
2022-07-15 18:04:09,903 INFO 17920 [egg-security] compose 7 middlewares into one security middleware
2022-07-15 18:04:09,911 INFO 17920 [egg:core] dump config after load, 4ms
2022-07-15 18:04:09,920 INFO 17920 [egg-watcher:application] watcher start success
2022-07-15 18:04:09,925 INFO 17920 [egg:core] dump config after ready, 4ms
2022-07-15 18:04:23,974 INFO 7100 [egg:logger] init all loggers with options: {"dir":"D:\\学习\\wanye\\HTML\\Egg\\代码\\1-egg-example\\logs\\1-egg-example","encoding":"utf8","env":"local","level":"INFO","consoleLevel":"INFO","disableConsoleAfterReady":false,"outputJSON":false,"buffer":true,"appLogName":"1-egg-example-web.log","coreLogName":"egg-web.log","agentLogName":"egg-agent.log","errorLogName":"common-error.log","coreLogger":{"consoleLevel":"WARN"},"allowDebugAtProd":false,"enablePerformanceTimer":false,"type":"application"}
2022-07-15 18:04:23,995 INFO 7100 [egg-multipart] stream mode enable
2022-07-15 18:04:24,062 INFO 7100 [egg-static] starting static serve /public/ -> D:\学习\wanye\HTML\Egg\代码\1-egg-example\app\public
2022-07-15 18:04:24,064 INFO 7100 [egg-security] use csrf middleware
2022-07-15 18:04:24,065 INFO 7100 [egg-security] use methodnoallow middleware
2022-07-15 18:04:24,065 INFO 7100 [egg-security] use noopen middleware
2022-07-15 18:04:24,065 INFO 7100 [egg-security] use nosniff middleware
2022-07-15 18:04:24,066 INFO 7100 [egg-security] use xssProtection middleware
2022-07-15 18:04:24,066 INFO 7100 [egg-security] use xframe middleware
2022-07-15 18:04:24,066 INFO 7100 [egg-security] use dta middleware
2022-07-15 18:04:24,066 INFO 7100 [egg-security] compose 7 middlewares into one security middleware
2022-07-15 18:04:24,073 INFO 7100 [egg:core] dump config after load, 4ms
2022-07-15 18:04:24,082 INFO 7100 [egg-watcher:application] watcher start success
2022-07-15 18:04:24,088 INFO 7100 [egg:core] dump config after ready, 4ms
2022-07-15 18:14:58,485 INFO 14388 [egg:logger] init all loggers with options: {"dir":"D:\\学习\\wanye\\HTML\\Egg\\代码\\1-egg-example\\logs\\1-egg-example","encoding":"utf8","env":"local","level":"INFO","consoleLevel":"INFO","disableConsoleAfterReady":false,"outputJSON":false,"buffer":true,"appLogName":"1-egg-example-web.log","coreLogName":"egg-web.log","agentLogName":"egg-agent.log","errorLogName":"common-error.log","coreLogger":{"consoleLevel":"WARN"},"allowDebugAtProd":false,"enablePerformanceTimer":false,"type":"application"}
2022-07-15 18:14:58,523 INFO 14388 [egg-multipart] stream mode enable
2022-07-15 18:14:58,620 INFO 14388 [egg-static] starting static serve /public/ -> D:\学习\wanye\HTML\Egg\代码\1-egg-example\app\public
2022-07-15 18:14:58,622 INFO 14388 [egg-security] use csrf middleware
2022-07-15 18:14:58,622 INFO 14388 [egg-security] use methodnoallow middleware
2022-07-15 18:14:58,623 INFO 14388 [egg-security] use noopen middleware
2022-07-15 18:14:58,623 INFO 14388 [egg-security] use nosniff middleware
2022-07-15 18:14:58,624 INFO 14388 [egg-security] use xssProtection middleware
2022-07-15 18:14:58,624 INFO 14388 [egg-security] use xframe middleware
2022-07-15 18:14:58,624 INFO 14388 [egg-security] use dta middleware
2022-07-15 18:14:58,625 INFO 14388 [egg-security] compose 7 middlewares into one security middleware
2022-07-15 18:14:58,632 INFO 14388 [egg:core] dump config after load, 4ms
2022-07-15 18:14:58,642 INFO 14388 [egg-watcher:application] watcher start success
2022-07-15 18:14:58,649 INFO 14388 [egg:core] dump config after ready, 5ms
2022-07-15 18:15:04,224 INFO 11080 [egg:logger] init all loggers with options: {"dir":"D:\\学习\\wanye\\HTML\\Egg\\代码\\1-egg-example\\logs\\1-egg-example","encoding":"utf8","env":"local","level":"INFO","consoleLevel":"INFO","disableConsoleAfterReady":false,"outputJSON":false,"buffer":true,"appLogName":"1-egg-example-web.log","coreLogName":"egg-web.log","agentLogName":"egg-agent.log","errorLogName":"common-error.log","coreLogger":{"consoleLevel":"WARN"},"allowDebugAtProd":false,"enablePerformanceTimer":false,"type":"application"}
2022-07-15 18:15:04,246 INFO 11080 [egg-multipart] stream mode enable
2022-07-15 18:15:04,317 INFO 11080 [egg-static] starting static serve /public/ -> D:\学习\wanye\HTML\Egg\代码\1-egg-example\app\public
2022-07-15 18:15:04,319 INFO 11080 [egg-security] use csrf middleware
2022-07-15 18:15:04,320 INFO 11080 [egg-security] use methodnoallow middleware
2022-07-15 18:15:04,320 INFO 11080 [egg-security] use noopen middleware
2022-07-15 18:15:04,321 INFO 11080 [egg-security] use nosniff middleware
2022-07-15 18:15:04,321 INFO 11080 [egg-security] use xssProtection middleware
2022-07-15 18:15:04,321 INFO 11080 [egg-security] use xframe middleware
2022-07-15 18:15:04,322 INFO 11080 [egg-security] use dta middleware
2022-07-15 18:15:04,322 INFO 11080 [egg-security] compose 7 middlewares into one security middleware
2022-07-15 18:15:04,329 INFO 11080 [egg:core] dump config after load, 4ms
2022-07-15 18:15:04,338 INFO 11080 [egg-watcher:application] watcher start success
2022-07-15 18:15:04,344 INFO 11080 [egg:core] dump config after ready, 4ms
2022-07-15 18:15:22,776 INFO 13308 [egg:logger] init all loggers with options: {"dir":"D:\\学习\\wanye\\HTML\\Egg\\代码\\1-egg-example\\logs\\1-egg-example","encoding":"utf8","env":"local","level":"INFO","consoleLevel":"INFO","disableConsoleAfterReady":false,"outputJSON":false,"buffer":true,"appLogName":"1-egg-example-web.log","coreLogName":"egg-web.log","agentLogName":"egg-agent.log","errorLogName":"common-error.log","coreLogger":{"consoleLevel":"WARN"},"allowDebugAtProd":false,"enablePerformanceTimer":false,"type":"application"}
2022-07-15 18:15:22,797 INFO 13308 [egg-multipart] stream mode enable
2022-07-15 18:15:22,863 INFO 13308 [egg-static] starting static serve /public/ -> D:\学习\wanye\HTML\Egg\代码\1-egg-example\app\public
2022-07-15 18:15:22,865 INFO 13308 [egg-security] use csrf middleware
2022-07-15 18:15:22,865 INFO 13308 [egg-security] use methodnoallow middleware
2022-07-15 18:15:22,865 INFO 13308 [egg-security] use noopen middleware
2022-07-15 18:15:22,866 INFO 13308 [egg-security] use nosniff middleware
2022-07-15 18:15:22,866 INFO 13308 [egg-security] use xssProtection middleware
2022-07-15 18:15:22,867 INFO 13308 [egg-security] use xframe middleware
2022-07-15 18:15:22,867 INFO 13308 [egg-security] use dta middleware
2022-07-15 18:15:22,867 INFO 13308 [egg-security] compose 7 middlewares into one security middleware
2022-07-15 18:15:22,875 INFO 13308 [egg:core] dump config after load, 5ms
2022-07-15 18:15:22,885 INFO 13308 [egg-watcher:application] watcher start success
2022-07-15 18:15:22,890 INFO 13308 [egg:core] dump config after ready, 3ms
2022-07-15 18:15:25,770 INFO 18080 [egg:logger] init all loggers with options: {"dir":"D:\\学习\\wanye\\HTML\\Egg\\代码\\1-egg-example\\logs\\1-egg-example","encoding":"utf8","env":"local","level":"INFO","consoleLevel":"INFO","disableConsoleAfterReady":false,"outputJSON":false,"buffer":true,"appLogName":"1-egg-example-web.log","coreLogName":"egg-web.log","agentLogName":"egg-agent.log","errorLogName":"common-error.log","coreLogger":{"consoleLevel":"WARN"},"allowDebugAtProd":false,"enablePerformanceTimer":false,"type":"application"}
2022-07-15 18:15:25,791 INFO 18080 [egg-multipart] stream mode enable
2022-07-15 18:15:25,884 INFO 18080 [egg-static] starting static serve /public/ -> D:\学习\wanye\HTML\Egg\代码\1-egg-example\app\public
2022-07-15 18:15:25,886 INFO 18080 [egg-security] use csrf middleware
2022-07-15 18:15:25,886 INFO 18080 [egg-security] use methodnoallow middleware
2022-07-15 18:15:25,887 INFO 18080 [egg-security] use noopen middleware
2022-07-15 18:15:25,887 INFO 18080 [egg-security] use nosniff middleware
2022-07-15 18:15:25,888 INFO 18080 [egg-security] use xssProtection middleware
2022-07-15 18:15:25,888 INFO 18080 [egg-security] use xframe middleware
2022-07-15 18:15:25,888 INFO 18080 [egg-security] use dta middleware
2022-07-15 18:15:25,888 INFO 18080 [egg-security] compose 7 middlewares into one security middleware
2022-07-15 18:15:25,896 INFO 18080 [egg:core] dump config after load, 5ms
2022-07-15 18:15:25,907 INFO 18080 [egg-watcher:application] watcher start success
2022-07-15 18:15:25,913 INFO 18080 [egg:core] dump config after ready, 5ms
2022-07-15 18:15:27,146 INFO 16840 [egg:logger] init all loggers with options: {"dir":"D:\\学习\\wanye\\HTML\\Egg\\代码\\1-egg-example\\logs\\1-egg-example","encoding":"utf8","env":"local","level":"INFO","consoleLevel":"INFO","disableConsoleAfterReady":false,"outputJSON":false,"buffer":true,"appLogName":"1-egg-example-web.log","coreLogName":"egg-web.log","agentLogName":"egg-agent.log","errorLogName":"common-error.log","coreLogger":{"consoleLevel":"WARN"},"allowDebugAtProd":false,"enablePerformanceTimer":false,"type":"application"}
2022-07-15 18:15:27,165 INFO 16840 [egg-multipart] stream mode enable
2022-07-15 18:15:27,232 INFO 16840 [egg-static] starting static serve /public/ -> D:\学习\wanye\HTML\Egg\代码\1-egg-example\app\public
2022-07-15 18:15:27,234 INFO 16840 [egg-security] use csrf middleware
2022-07-15 18:15:27,234 INFO 16840 [egg-security] use methodnoallow middleware
2022-07-15 18:15:27,235 INFO 16840 [egg-security] use noopen middleware
2022-07-15 18:15:27,235 INFO 16840 [egg-security] use nosniff middleware
2022-07-15 18:15:27,235 INFO 16840 [egg-security] use xssProtection middleware
2022-07-15 18:15:27,236 INFO 16840 [egg-security] use xframe middleware
2022-07-15 18:15:27,236 INFO 16840 [egg-security] use dta middleware
2022-07-15 18:15:27,236 INFO 16840 [egg-security] compose 7 middlewares into one security middleware
2022-07-15 18:15:27,242 INFO 16840 [egg:core] dump config after load, 3ms
2022-07-15 18:15:27,253 INFO 16840 [egg-watcher:application] watcher start success
2022-07-15 18:15:27,258 INFO 16840 [egg:core] dump config after ready, 4ms
2022-07-15 18:15:33,033 INFO 12380 [egg:logger] init all loggers with options: {"dir":"D:\\学习\\wanye\\HTML\\Egg\\代码\\1-egg-example\\logs\\1-egg-example","encoding":"utf8","env":"local","level":"INFO","consoleLevel":"INFO","disableConsoleAfterReady":false,"outputJSON":false,"buffer":true,"appLogName":"1-egg-example-web.log","coreLogName":"egg-web.log","agentLogName":"egg-agent.log","errorLogName":"common-error.log","coreLogger":{"consoleLevel":"WARN"},"allowDebugAtProd":false,"enablePerformanceTimer":false,"type":"application"}
2022-07-15 18:15:33,053 INFO 12380 [egg-multipart] stream mode enable
2022-07-15 18:15:33,120 INFO 12380 [egg-static] starting static serve /public/ -> D:\学习\wanye\HTML\Egg\代码\1-egg-example\app\public
2022-07-15 18:15:33,121 INFO 12380 [egg-security] use csrf middleware
2022-07-15 18:15:33,122 INFO 12380 [egg-security] use methodnoallow middleware
2022-07-15 18:15:33,122 INFO 12380 [egg-security] use noopen middleware
2022-07-15 18:15:33,123 INFO 12380 [egg-security] use nosniff middleware
2022-07-15 18:15:33,123 INFO 12380 [egg-security] use xssProtection middleware
2022-07-15 18:15:33,123 INFO 12380 [egg-security] use xframe middleware
2022-07-15 18:15:33,124 INFO 12380 [egg-security] use dta middleware
2022-07-15 18:15:33,124 INFO 12380 [egg-security] compose 7 middlewares into one security middleware
2022-07-15 18:15:33,131 INFO 12380 [egg:core] dump config after load, 3ms
2022-07-15 18:15:33,140 INFO 12380 [egg-watcher:application] watcher start success
2022-07-15 18:15:33,145 INFO 12380 [egg:core] dump config after ready, 4ms
2022-07-15 18:15:56,674 INFO 12380 [egg-view-nunjucks] loading templates from ["D:\\学习\\wanye\\HTML\\Egg\\代码\\1-egg-example\\app\\view"]
2022-07-15 20:37:29,465 WARN 12380 [TCPBase] socket is closed by other side while there were still unhandled data in the socket buffer
2022-07-15 20:37:29,505 WARN 12380 [ClusterClient:Watcher] follower closed, and try to init it again
2022-07-15 20:40:56,894 WARN 12380 [TCPBase] socket is closed by other side while there were still unhandled data in the socket buffer
2022-07-15 20:40:56,920 WARN 12380 [ClusterClient:Watcher] follower closed, and try to init it again
2022-07-15 20:52:35,529 WARN 12380 [TCPBase] socket is closed by other side while there were still unhandled data in the socket buffer
2022-07-15 20:52:35,570 WARN 12380 [ClusterClient:Watcher] follower closed, and try to init it again
